<?xml version="1.0" encoding="UTF-8" ?>
<testsuite tests="26" failures="0" name="g56387.atl.samegame.model.BoardTest" time="0.008" errors="0" skipped="0">
  <properties>
    <property name="java.runtime.name" value="Java(TM) SE Runtime Environment"/>
    <property name="java.vm.version" value="13.0.2+8"/>
    <property name="sun.boot.library.path" value="C:\Program Files\Java\jdk-13.0.2\bin"/>
    <property name="maven.multiModuleProjectDirectory" value="C:\Users\mohamed\Desktop\atlg3\SameGame"/>
    <property name="java.vm.vendor" value="Oracle Corporation"/>
    <property name="java.vendor.url" value="https://java.oracle.com/"/>
    <property name="guice.disable.misplaced.annotation.check" value="true"/>
    <property name="path.separator" value=";"/>
    <property name="java.vm.name" value="Java HotSpot(TM) 64-Bit Server VM"/>
    <property name="sun.os.patch.level" value=""/>
    <property name="user.script" value=""/>
    <property name="user.country" value="GB"/>
    <property name="sun.java.launcher" value="SUN_STANDARD"/>
    <property name="test" value="g56387.atl.samegame.model.BoardTest"/>
    <property name="java.vm.specification.name" value="Java Virtual Machine Specification"/>
    <property name="user.dir" value="C:\Users\mohamed\Desktop\atlg3\SameGame"/>
    <property name="java.vm.compressedOopsMode" value="Zero based"/>
    <property name="java.runtime.version" value="13.0.2+8"/>
    <property name="os.arch" value="amd64"/>
    <property name="java.io.tmpdir" value="C:\Users\mohamed\AppData\Local\Temp\"/>
    <property name="line.separator" value="
"/>
    <property name="java.vm.specification.vendor" value="Oracle Corporation"/>
    <property name="user.variant" value=""/>
    <property name="os.name" value="Windows 10"/>
    <property name="maven.ext.class.path" value="C:\Program Files\Java\jdk-13.0.2\NetBeans-11.3\netbeans\java\maven-nblib\netbeans-eventspy.jar"/>
    <property name="classworlds.conf" value="C:\Program Files\Java\jdk-13.0.2\NetBeans-11.3\netbeans\java\maven\bin\m2.conf"/>
    <property name="sun.jnu.encoding" value="Cp1252"/>
    <property name="java.library.path" value="C:\Program Files\Java\jdk-13.0.2\bin;C:\WINDOWS\Sun\Java\bin;C:\WINDOWS\system32;C:\WINDOWS;C:\Program Files (x86)\VMware\VMware Workstation\bin\;C:\Program Files\Common Files\Oracle\Java\javapath;C:\WINDOWS\system32;C:\WINDOWS;C:\WINDOWS\System32\Wbem;C:\WINDOWS\System32\WindowsPowerShell\v1.0\;C:\WINDOWS\System32\OpenSSH\;C:\Program Files\VSCodium\bin;C:\Program Files\Git\cmd;C:\Program Files\mingw64\bin;C:\Users\mohamed\AppData\Local\Microsoft\WindowsApps;;."/>
    <property name="jdk.debug" value="release"/>
    <property name="java.class.version" value="57.0"/>
    <property name="java.specification.name" value="Java Platform API Specification"/>
    <property name="sun.management.compiler" value="HotSpot 64-Bit Tiered Compilers"/>
    <property name="os.version" value="10.0"/>
    <property name="user.home" value="C:\Users\mohamed"/>
    <property name="user.timezone" value="Europe/Brussels"/>
    <property name="file.encoding" value="UTF-8"/>
    <property name="java.specification.version" value="13"/>
    <property name="user.name" value="mohamed"/>
    <property name="java.class.path" value="C:\Program Files\Java\jdk-13.0.2\NetBeans-11.3\netbeans\java\maven\boot\plexus-classworlds-2.5.2.jar"/>
    <property name="java.vm.specification.version" value="13"/>
    <property name="sun.arch.data.model" value="64"/>
    <property name="sun.java.command" value="org.codehaus.plexus.classworlds.launcher.Launcher -Dtest=g56387.atl.samegame.model.BoardTest -Dmaven.ext.class.path=C:\Program Files\Java\jdk-13.0.2\NetBeans-11.3\netbeans\java\maven-nblib\netbeans-eventspy.jar -Dfile.encoding=UTF-8 surefire:test"/>
    <property name="java.home" value="C:\Program Files\Java\jdk-13.0.2"/>
    <property name="user.language" value="en"/>
    <property name="java.specification.vendor" value="Oracle Corporation"/>
    <property name="java.vm.info" value="mixed mode, sharing"/>
    <property name="java.version" value="13.0.2"/>
    <property name="java.vendor" value="Oracle Corporation"/>
    <property name="maven.home" value="C:\Program Files\Java\jdk-13.0.2\NetBeans-11.3\netbeans\java\maven"/>
    <property name="file.separator" value="\"/>
    <property name="java.version.date" value="2020-01-14"/>
    <property name="java.vendor.url.bug" value="https://bugreport.java.com/bugreport/"/>
    <property name="sun.io.unicode.encoding" value="UnicodeLittle"/>
    <property name="sun.cpu.endian" value="little"/>
    <property name="sun.cpu.isalist" value="amd64"/>
  </properties>
  <testcase classname="g56387.atl.samegame.model.BoardTest" name="g56387.atl.samegame.model.BoardTest.testCalculateScore_caseNoEffectScore" time="0.008"/>
  <testcase classname="g56387.atl.samegame.model.BoardTest" name="g56387.atl.samegame.model.BoardTest.testMoveColumnsToLeft_case3_twoColownEmpty" time="0"/>
  <testcase classname="g56387.atl.samegame.model.BoardTest" name="g56387.atl.samegame.model.BoardTest.testMoveColumnsToLeft_case4_noColumnEmpty" time="0"/>
  <testcase classname="g56387.atl.samegame.model.BoardTest" name="g56387.atl.samegame.model.BoardTest.testIsInside_case2" time="0"/>
  <testcase classname="g56387.atl.samegame.model.BoardTest" name="g56387.atl.samegame.model.BoardTest.testCalculateScore" time="0"/>
  <testcase classname="g56387.atl.samegame.model.BoardTest" name="g56387.atl.samegame.model.BoardTest.testPlay_noBubble" time="0"/>
  <testcase classname="g56387.atl.samegame.model.BoardTest" name="g56387.atl.samegame.model.BoardTest.testIsInside" time="0"/>
  <testcase classname="g56387.atl.samegame.model.BoardTest" name="g56387.atl.samegame.model.BoardTest.testCheckNeighbour" time="0"/>
  <testcase classname="g56387.atl.samegame.model.BoardTest" name="g56387.atl.samegame.model.BoardTest.testGameOver" time="0"/>
  <testcase classname="g56387.atl.samegame.model.BoardTest" name="g56387.atl.samegame.model.BoardTest.test_fullGame" time="0"/>
  <testcase classname="g56387.atl.samegame.model.BoardTest" name="g56387.atl.samegame.model.BoardTest.test_play_normalCase" time="0"/>
  <testcase classname="g56387.atl.samegame.model.BoardTest" name="g56387.atl.samegame.model.BoardTest.testDownBubbles_normalCase" time="0"/>
  <testcase classname="g56387.atl.samegame.model.BoardTest" name="g56387.atl.samegame.model.BoardTest.testDownBubbleColown" time="0"/>
  <testcase classname="g56387.atl.samegame.model.BoardTest" name="g56387.atl.samegame.model.BoardTest.testDownBubbles_noEffect" time="0"/>
  <testcase classname="g56387.atl.samegame.model.BoardTest" name="g56387.atl.samegame.model.BoardTest.testCheckColownEmpty" time="0"/>
  <testcase classname="g56387.atl.samegame.model.BoardTest" name="g56387.atl.samegame.model.BoardTest.test_fullGame_stateBubblesTest" time="0"/>
  <testcase classname="g56387.atl.samegame.model.BoardTest" name="g56387.atl.samegame.model.BoardTest.testCalculateScore_twoShotsPlayed" time="0"/>
  <testcase classname="g56387.atl.samegame.model.BoardTest" name="g56387.atl.samegame.model.BoardTest.testIsInside_limtCase" time="0"/>
  <testcase classname="g56387.atl.samegame.model.BoardTest" name="g56387.atl.samegame.model.BoardTest.testGameOver_trueCase" time="0"/>
  <testcase classname="g56387.atl.samegame.model.BoardTest" name="g56387.atl.samegame.model.BoardTest.testMoveColumnsToLeft_case2" time="0"/>
  <testcase classname="g56387.atl.samegame.model.BoardTest" name="g56387.atl.samegame.model.BoardTest.testCalculateScore_case2" time="0"/>
  <testcase classname="g56387.atl.samegame.model.BoardTest" name="g56387.atl.samegame.model.BoardTest.testGameOver_trueCase2" time="0"/>
  <testcase classname="g56387.atl.samegame.model.BoardTest" name="g56387.atl.samegame.model.BoardTest.testCheckAllNeighbours" time="0"/>
  <testcase classname="g56387.atl.samegame.model.BoardTest" name="g56387.atl.samegame.model.BoardTest.testPlay_positionOutSide" time="0"/>
  <testcase classname="g56387.atl.samegame.model.BoardTest" name="g56387.atl.samegame.model.BoardTest.test_play_bubbleAlone" time="0"/>
  <testcase classname="g56387.atl.samegame.model.BoardTest" name="g56387.atl.samegame.model.BoardTest.test_play_severalBubbleDelete" time="0"/>
</testsuite>